<?xml version="1.0" encoding="UTF-8"?>
<!-- Generated by org.testng.reporters.JUnitXMLReporter -->
<testsuite ignored="0" hostname="Aaqibs-MacBook-Pro.local" failures="0" tests="2" name="Default test" time="71.149" errors="0" timestamp="2023-04-11T16:19:15 PKT">
  <testcase classname="com.ounass.qa.testcases.WishlistPageTest" name="verifyWishlistTitleTest" time="0.063"/>
  <testcase classname="com.ounass.qa.testcases.WishlistPageTest" name="verifyWishlistitemTest" time="0.129"/>
</testsuite> <!-- Default test -->
