<?xml version="1.0" encoding="UTF-8"?>
<!-- Generated by org.testng.reporters.JUnitXMLReporter -->
<testsuite ignored="0" hostname="Aaqibs-MacBook-Pro.local" failures="0" tests="2" name="Default test" time="63.857" errors="0" timestamp="2023-04-20T16:11:29 PKT">
  <testcase classname="com.ounass.qa.testcases.WishlistPageTest" name="verifyWishlistTitleTest" time="0.052"/>
  <testcase classname="com.ounass.qa.testcases.WishlistPageTest" name="verifyWishlistitemTest" time="0.096"/>
</testsuite> <!-- Default test -->
