<?xml version="1.0" encoding="UTF-8"?>
<!-- Generated by org.testng.reporters.JUnitXMLReporter -->
<testsuite ignored="0" hostname="Aaqibs-MacBook-Pro.local" failures="0" tests="10" name="Ounass App Test Cases" time="322.707" errors="0" timestamp="2023-04-12T15:15:28 PKT">
  <testcase classname="com.ounass.qa.testcases.LoginPageTest" name="loginTest" time="12.774"/>
  <testcase classname="com.ounass.qa.testcases.LoginPageTest" name="loginPageTitleTest" time="0.067"/>
  <testcase classname="com.ounass.qa.testcases.LoginPageTest" name="loginbtnTest" time="4.033"/>
  <testcase classname="com.ounass.qa.testcases.HomePageTest" name="verifyAccountTitleTest" time="16.024"/>
  <testcase classname="com.ounass.qa.testcases.HomePageTest" name="verifyEmailaddressTest" time="10.965"/>
  <testcase classname="com.ounass.qa.testcases.HomePageTest" name="verifyWishlistLinkTest" time="10.264"/>
  <testcase classname="com.ounass.qa.testcases.HomePageTest" name="verifyBaglistLinkTest" time="10.656"/>
  <testcase classname="com.ounass.qa.testcases.HomePageTest" name="verifyHomepagebtnTest" time="2.285"/>
  <testcase classname="com.ounass.qa.testcases.WishlistPageTest" name="verifyWishlistTitleTest" time="0.166"/>
  <testcase classname="com.ounass.qa.testcases.WishlistPageTest" name="verifyWishlistitemTest" time="0.231"/>
</testsuite> <!-- Ounass App Test Cases -->
