<?xml version="1.0" encoding="UTF-8"?>
<testng-results ignored="0" total="2" passed="2" failed="0" skipped="0">
  <reporter-output>
  </reporter-output>
  <suite started-at="2023-04-20T16:10:25 PKT" name="Default suite" finished-at="2023-04-20T16:11:29 PKT" duration-ms="63857">
    <groups>
    </groups>
    <test started-at="2023-04-20T16:10:25 PKT" name="Default test" finished-at="2023-04-20T16:11:29 PKT" duration-ms="63857">
      <class name="com.ounass.qa.testcases.WishlistPageTest">
        <test-method is-config="true" signature="setUp()[pri:0, instance:com.ounass.qa.testcases.WishlistPageTest@769e7ee8]" started-at="2023-04-20T16:10:25 PKT" name="setUp" finished-at="2023-04-20T16:10:57 PKT" duration-ms="32085" status="PASS">
          <reporter-output>
          </reporter-output>
        </test-method> <!-- setUp -->
        <test-method signature="verifyWishlistTitleTest()[pri:1, instance:com.ounass.qa.testcases.WishlistPageTest@769e7ee8]" started-at="2023-04-20T16:10:57 PKT" name="verifyWishlistTitleTest" finished-at="2023-04-20T16:10:57 PKT" duration-ms="52" status="PASS">
          <reporter-output>
          </reporter-output>
        </test-method> <!-- verifyWishlistTitleTest -->
        <test-method is-config="true" signature="tearDown()[pri:0, instance:com.ounass.qa.testcases.WishlistPageTest@769e7ee8]" started-at="2023-04-20T16:10:57 PKT" name="tearDown" finished-at="2023-04-20T16:10:57 PKT" duration-ms="183" status="PASS">
          <reporter-output>
          </reporter-output>
        </test-method> <!-- tearDown -->
        <test-method is-config="true" signature="setUp()[pri:0, instance:com.ounass.qa.testcases.WishlistPageTest@769e7ee8]" started-at="2023-04-20T16:10:57 PKT" name="setUp" finished-at="2023-04-20T16:11:28 PKT" duration-ms="31210" status="PASS">
          <reporter-output>
          </reporter-output>
        </test-method> <!-- setUp -->
        <test-method signature="verifyWishlistitemTest()[pri:2, instance:com.ounass.qa.testcases.WishlistPageTest@769e7ee8]" started-at="2023-04-20T16:11:28 PKT" name="verifyWishlistitemTest" finished-at="2023-04-20T16:11:28 PKT" duration-ms="96" status="PASS">
          <reporter-output>
          </reporter-output>
        </test-method> <!-- verifyWishlistitemTest -->
        <test-method is-config="true" signature="tearDown()[pri:0, instance:com.ounass.qa.testcases.WishlistPageTest@769e7ee8]" started-at="2023-04-20T16:11:28 PKT" name="tearDown" finished-at="2023-04-20T16:11:29 PKT" duration-ms="177" status="PASS">
          <reporter-output>
          </reporter-output>
        </test-method> <!-- tearDown -->
      </class> <!-- com.ounass.qa.testcases.WishlistPageTest -->
    </test> <!-- Default test -->
  </suite> <!-- Default suite -->
</testng-results>
